{"numFailedTestSuites":1,"numFailedTests":27,"numPassedTestSuites":0,"numPassedTests":85,"numPendingTestSuites":0,"numPendingTests":0,"numRuntimeErrorTestSuites":0,"numTodoTests":0,"numTotalTestSuites":1,"numTotalTests":112,"openHandles":[],"snapshot":{"added":0,"didUpdate":false,"failure":false,"filesAdded":0,"filesRemoved":0,"filesRemovedList":[],"filesUnmatched":0,"filesUpdated":0,"matched":0,"total":0,"unchecked":0,"uncheckedKeysByFile":[],"unmatched":0,"updated":0},"startTime":1777434642652,"success":false,"testResults":[{"assertionResults":[{"ancestorTitles":["Linking Handler"],"duration":42,"failing":false,"failureDetails":[],"failureMessages":[],"fullName":"Linking Handler POST /linking/generate-token — returns 201 with token","invocations":1,"location":null,"numPassingAsserts":4,"retryReasons":[],"startAt":1777434646469,"status":"passed","title":"POST /linking/generate-token — returns 201 with token"},{"ancestorTitles":["Linking Handler"],"duration":2,"failing":false,"failureDetails":[],"failureMessages":[],"fullName":"Linking Handler POST /linking/link — returns 400 when token missing","invocations":1,"location":null,"numPassingAsserts":2,"retryReasons":[],"startAt":1777434646512,"status":"passed","title":"POST /linking/link — returns 400 when token missing"},{"ancestorTitles":["Linking Handler"],"duration":1,"failing":false,"failureDetails":[],"failureMessages":[],"fullName":"Linking Handler GET /linking/my-vendors — returns empty array","invocations":1,"location":null,"numPassingAsserts":3,"retryReasons":[],"startAt":1777434646514,"status":"passed","title":"GET /linking/my-vendors — returns empty array"},{"ancestorTitles":["Pharmacy revision hooks"],"duration":4,"failing":false,"failureDetails":[],"failureMessages":[],"fullName":"Pharmacy revision hooks POST /pharmacy/prescriptions/refills writes revision create hook","invocations":1,"location":null,"numPassingAsserts":2,"retryReasons":[],"startAt":1777434647030,"status":"passed","title":"POST /pharmacy/prescriptions/refills writes revision create hook"},{"ancestorTitles":["Pharmacy revision hooks"],"duration":2,"failing":false,"failureDetails":[],"failureMessages":[],"fullName":"Pharmacy revision hooks POST /pharmacy/prescriptions/refills/{id}/status writes status_change revision","invocations":1,"location":null,"numPassingAsserts":2,"retryReasons":[],"startAt":1777434647034,"status":"passed","title":"POST /pharmacy/prescriptions/refills/{id}/status writes status_change revision"},{"ancestorTitles":["Pharmacy revision hooks"],"duration":1,"failing":false,"failureDetails":[],"failureMessages":[],"fullName":"Pharmacy revision hooks POST /pharmacy/prescriptions/refills/backfill/bulk writes bulk revision summary","invocations":1,"location":null,"numPassingAsserts":2,"retryReasons":[],"startAt":1777434647036,"status":"passed","title":"POST /pharmacy/prescriptions/refills/backfill/bulk writes bulk revision summary"},{"ancestorTitles":["Pharmacy revision hooks"],"duration":9,"failing":false,"failureDetails":[],"failureMessages":[],"fullName":"Pharmacy revision hooks POST /pharmacy/batch-intake writes batch revision summary","invocations":1,"location":null,"numPassingAsserts":2,"retryReasons":[],"startAt":1777434647038,"status":"passed","title":"POST /pharmacy/batch-intake writes batch revision summary"},{"ancestorTitles":["Pharmacy revision hooks"],"duration":3,"failing":false,"failureDetails":[],"failureMessages":[],"fullName":"Pharmacy revision hooks POST /pharmacy/narcotic-register writes narcotic revision hook","invocations":1,"location":null,"numPassingAsserts":2,"retryReasons":[],"startAt":1777434647047,"status":"passed","title":"POST /pharmacy/narcotic-register writes narcotic revision hook"},{"ancestorTitles":["Pharmacy revision hooks"],"duration":1,"failing":false,"failureDetails":[],"failureMessages":[],"fullName":"Pharmacy revision hooks POST /pharmacy/prescriptions/partial-fills writes partial-fill revision hook","invocations":1,"location":null,"numPassingAsserts":2,"retryReasons":[],"startAt":1777434647050,"status":"passed","title":"POST /pharmacy/prescriptions/partial-fills writes partial-fill revision hook"},{"ancestorTitles":["Hardware revision hooks"],"duration":1,"failing":false,"failureDetails":[],"failureMessages":[],"fullName":"Hardware revision hooks POST /hardware/deposits writes revision create hook","invocations":1,"location":null,"numPassingAsserts":2,"retryReasons":[],"startAt":1777434647139,"status":"passed","title":"POST /hardware/deposits writes revision create hook"},{"ancestorTitles":["Hardware revision hooks"],"duration":1,"failing":false,"failureDetails":[],"failureMessages":[],"fullName":"Hardware revision hooks POST /hardware/projects writes revision create hook","invocations":1,"location":null,"numPassingAsserts":2,"retryReasons":[],"startAt":1777434647140,"status":"passed","title":"POST /hardware/projects writes revision create hook"},{"ancestorTitles":["Pump and stock-count revision hooks"],"duration":3,"failing":false,"failureDetails":[],"failureMessages":[],"fullName":"Pump and stock-count revision hooks POST /pump/pricing updates writes revision hook","invocations":1,"location":null,"numPassingAsserts":3,"retryReasons":[],"startAt":1777434647245,"status":"passed","title":"POST /pump/pricing updates writes revision hook"},{"ancestorTitles":["Pump and stock-count revision hooks"],"duration":12,"failing":false,"failureDetails":[],"failureMessages":[],"fullName":"Pump and stock-count revision hooks POST /stock-count writes revision create hook","invocations":1,"location":null,"numPassingAsserts":2,"retryReasons":[],"startAt":1777434647248,"status":"passed","title":"POST /stock-count writes revision create hook"},{"ancestorTitles":["Pump and stock-count revision hooks"],"duration":2,"failing":false,"failureDetails":[],"failureMessages":[],"fullName":"Pump and stock-count revision hooks POST /stock-count/{id}/items returns 400 on duplicate product IDs","invocations":1,"location":null,"numPassingAsserts":4,"retryReasons":[],"startAt":1777434647260,"status":"passed","title":"POST /stock-count/{id}/items returns 400 on duplicate product IDs"},{"ancestorTitles":["Pump and stock-count revision hooks"],"duration":2,"failing":false,"failureDetails":[],"failureMessages":[],"fullName":"Pump and stock-count revision hooks POST /stock-count/{id}/items increments only newly added unique items","invocations":1,"location":null,"numPassingAsserts":13,"retryReasons":[],"startAt":1777434647262,"status":"passed","title":"POST /stock-count/{id}/items increments only newly added unique items"},{"ancestorTitles":["Restaurant admin APIs"],"duration":1,"failing":false,"failureDetails":[],"failureMessages":[],"fullName":"Restaurant admin APIs POST /resto/tables creates table","invocations":1,"location":null,"numPassingAsserts":5,"retryReasons":[],"startAt":1777434648026,"status":"passed","title":"POST /resto/tables creates table"},{"ancestorTitles":["Restaurant admin APIs"],"duration":1,"failing":false,"failureDetails":[],"failureMessages":[],"fullName":"Restaurant admin APIs POST /resto/menu/items validates category before create","invocations":1,"location":null,"numPassingAsserts":4,"retryReasons":[],"startAt":1777434648027,"status":"passed","title":"POST /resto/menu/items validates category before create"},{"ancestorTitles":["Restaurant delivery lifecycle APIs"],"duration":2,"failing":false,"failureDetails":[{"matcherResult":{"actual":400,"expected":200,"message":"expect(received).toBe(expected) // Object.is equality\n\nExpected: 200\nReceived: 400","name":"toBe","pass":false}}],"failureMessages":["Error: expect(received).toBe(expected) // Object.is equality\n\nExpected: 200\nReceived: 400\n    at Object.<anonymous> (G:\\desktop app genuine\\Dukan_x\\my-backend\\src\\__tests__\\handlers.test.ts:792:35)"],"fullName":"Restaurant delivery lifecycle APIs PUT /resto/bills/{billId}/delivery/assign assigns rider","invocations":1,"location":null,"numPassingAsserts":0,"retryReasons":[],"startAt":1777434648028,"status":"failed","title":"PUT /resto/bills/{billId}/delivery/assign assigns rider"},{"ancestorTitles":["Restaurant delivery lifecycle APIs"],"duration":1,"failing":false,"failureDetails":[],"failureMessages":[],"fullName":"Restaurant delivery lifecycle APIs PUT /resto/bills/{billId}/delivery/status enforces transition rules","invocations":1,"location":null,"numPassingAsserts":3,"retryReasons":[],"startAt":1777434648066,"status":"passed","title":"PUT /resto/bills/{billId}/delivery/status enforces transition rules"},{"ancestorTitles":["Restaurant delivery lifecycle APIs"],"duration":1,"failing":false,"failureDetails":[{"matcherResult":{"actual":409,"expected":200,"message":"expect(received).toBe(expected) // Object.is equality\n\nExpected: 200\nReceived: 409","name":"toBe","pass":false}}],"failureMessages":["Error: expect(received).toBe(expected) // Object.is equality\n\nExpected: 200\nReceived: 409\n    at Object.<anonymous> (G:\\desktop app genuine\\Dukan_x\\my-backend\\src\\__tests__\\handlers.test.ts:838:35)"],"fullName":"Restaurant delivery lifecycle APIs PUT /resto/bills/{billId}/delivery/status writes revision on valid transition","invocations":1,"location":null,"numPassingAsserts":0,"retryReasons":[],"startAt":1777434648067,"status":"failed","title":"PUT /resto/bills/{billId}/delivery/status writes revision on valid transition"},{"ancestorTitles":["Restaurant delivery lifecycle APIs"],"duration":2,"failing":false,"failureDetails":[{"matcherResult":{"actual":"assigned","expected":"out_for_delivery","message":"expect(received).toBe(expected) // Object.is equality\n\nExpected: \"out_for_delivery\"\nReceived: \"assigned\"","name":"toBe","pass":false}}],"failureMessages":["Error: expect(received).toBe(expected) // Object.is equality\n\nExpected: \"out_for_delivery\"\nReceived: \"assigned\"\n    at Object.<anonymous> (G:\\desktop app genuine\\Dukan_x\\my-backend\\src\\__tests__\\handlers.test.ts:879:42)"],"fullName":"Restaurant delivery lifecycle APIs GET /resto/bills/{billId}/delivery/tracking returns timeline snapshot","invocations":1,"location":null,"numPassingAsserts":2,"retryReasons":[],"startAt":1777434648068,"status":"failed","title":"GET /resto/bills/{billId}/delivery/tracking returns timeline snapshot"},{"ancestorTitles":["Restaurant split bill APIs"],"duration":2,"failing":false,"failureDetails":[],"failureMessages":[],"fullName":"Restaurant split bill APIs PUT /resto/bills/{billId}/split supports equal split","invocations":1,"location":null,"numPassingAsserts":7,"retryReasons":[],"startAt":1777434648070,"status":"passed","title":"PUT /resto/bills/{billId}/split supports equal split"},{"ancestorTitles":["Restaurant split bill APIs"],"duration":0,"failing":false,"failureDetails":[],"failureMessages":[],"fullName":"Restaurant split bill APIs PUT /resto/bills/{billId}/split rejects mismatch totals","invocations":1,"location":null,"numPassingAsserts":3,"retryReasons":[],"startAt":1777434648072,"status":"passed","title":"PUT /resto/bills/{billId}/split rejects mismatch totals"},{"ancestorTitles":["Restaurant combo APIs"],"duration":1,"failing":false,"failureDetails":[],"failureMessages":[],"fullName":"Restaurant combo APIs POST /resto/combos creates combo with savings","invocations":1,"location":null,"numPassingAsserts":4,"retryReasons":[],"startAt":1777434648073,"status":"passed","title":"POST /resto/combos creates combo with savings"},{"ancestorTitles":["Restaurant combo APIs"],"duration":2,"failing":false,"failureDetails":[],"failureMessages":[],"fullName":"Restaurant combo APIs POST /resto/kot applies active combo discount to total","invocations":1,"location":null,"numPassingAsserts":4,"retryReasons":[],"startAt":1777434648074,"status":"passed","title":"POST /resto/kot applies active combo discount to total"},{"ancestorTitles":["Restaurant happy-hour APIs"],"duration":0,"failing":false,"failureDetails":[],"failureMessages":[],"fullName":"Restaurant happy-hour APIs POST /resto/happy-hours creates rule","invocations":1,"location":null,"numPassingAsserts":2,"retryReasons":[],"startAt":1777434648077,"status":"passed","title":"POST /resto/happy-hours creates rule"},{"ancestorTitles":["Restaurant happy-hour APIs"],"duration":14,"failing":false,"failureDetails":[],"failureMessages":[],"fullName":"Restaurant happy-hour APIs POST /resto/kot applies happy-hour discount after combo pricing","invocations":1,"location":null,"numPassingAsserts":5,"retryReasons":[],"startAt":1777434648078,"status":"passed","title":"POST /resto/kot applies happy-hour discount after combo pricing"},{"ancestorTitles":["Restaurant discount policy"],"duration":1,"failing":false,"failureDetails":[],"failureMessages":[],"fullName":"Restaurant discount policy POST /resto/kot rejects item discount above cap without manager override","invocations":1,"location":null,"numPassingAsserts":3,"retryReasons":[],"startAt":1777434648092,"status":"passed","title":"POST /resto/kot rejects item discount above cap without manager override"},{"ancestorTitles":["Restaurant KOT and settlement revision hooks"],"duration":1,"failing":false,"failureDetails":[],"failureMessages":[],"fullName":"Restaurant KOT and settlement revision hooks POST /resto/kot emits revision create hook","invocations":1,"location":null,"numPassingAsserts":3,"retryReasons":[],"startAt":1777434648093,"status":"passed","title":"POST /resto/kot emits revision create hook"},{"ancestorTitles":["Restaurant KOT and settlement revision hooks"],"duration":2,"failing":false,"failureDetails":[{"matcherResult":{"actual":400,"expected":200,"message":"expect(received).toBe(expected) // Object.is equality\n\nExpected: 200\nReceived: 400","name":"toBe","pass":false}}],"failureMessages":["Error: expect(received).toBe(expected) // Object.is equality\n\nExpected: 200\nReceived: 400\n    at Object.<anonymous> (G:\\desktop app genuine\\Dukan_x\\my-backend\\src\\__tests__\\handlers.test.ts:1311:35)"],"fullName":"Restaurant KOT and settlement revision hooks POST /resto/bills/{billId}/settle emits status_change revision","invocations":1,"location":null,"numPassingAsserts":0,"retryReasons":[],"startAt":1777434648094,"status":"failed","title":"POST /resto/bills/{billId}/settle emits status_change revision"},{"ancestorTitles":["Restaurant KOT and settlement revision hooks"],"duration":0,"failing":false,"failureDetails":[{"matcherResult":{"actual":400,"expected":200,"message":"expect(received).toBe(expected) // Object.is equality\n\nExpected: 200\nReceived: 400","name":"toBe","pass":false}}],"failureMessages":["Error: expect(received).toBe(expected) // Object.is equality\n\nExpected: 200\nReceived: 400\n    at Object.<anonymous> (G:\\desktop app genuine\\Dukan_x\\my-backend\\src\\__tests__\\handlers.test.ts:1333:35)"],"fullName":"Restaurant KOT and settlement revision hooks POST /resto/tables/{id}/release emits bill close revision","invocations":1,"location":null,"numPassingAsserts":0,"retryReasons":[],"startAt":1777434648096,"status":"failed","title":"POST /resto/tables/{id}/release emits bill close revision"},{"ancestorTitles":["Restaurant KOT and settlement revision hooks"],"duration":0,"failing":false,"failureDetails":[{"matcherResult":{"actual":400,"expected":200,"message":"expect(received).toBe(expected) // Object.is equality\n\nExpected: 200\nReceived: 400","name":"toBe","pass":false}}],"failureMessages":["Error: expect(received).toBe(expected) // Object.is equality\n\nExpected: 200\nReceived: 400\n    at Object.<anonymous> (G:\\desktop app genuine\\Dukan_x\\my-backend\\src\\__tests__\\handlers.test.ts:1357:35)"],"fullName":"Restaurant KOT and settlement revision hooks PUT /resto/kot/{kotId}/items/{itemId}/status emits item status revision","invocations":1,"location":null,"numPassingAsserts":0,"retryReasons":[],"startAt":1777434648097,"status":"failed","title":"PUT /resto/kot/{kotId}/items/{itemId}/status emits item status revision"},{"ancestorTitles":["Restaurant KOT and settlement revision hooks"],"duration":1,"failing":false,"failureDetails":[{"matcherResult":{"actual":400,"expected":200,"message":"expect(received).toBe(expected) // Object.is equality\n\nExpected: 200\nReceived: 400","name":"toBe","pass":false}}],"failureMessages":["Error: expect(received).toBe(expected) // Object.is equality\n\nExpected: 200\nReceived: 400\n    at Object.<anonymous> (G:\\desktop app genuine\\Dukan_x\\my-backend\\src\\__tests__\\handlers.test.ts:1382:35)"],"fullName":"Restaurant KOT and settlement revision hooks POST /resto/kot/{kotId}/items/{itemId}/cancel emits cancellation revision","invocations":1,"location":null,"numPassingAsserts":0,"retryReasons":[],"startAt":1777434648097,"status":"failed","title":"POST /resto/kot/{kotId}/items/{itemId}/cancel emits cancellation revision"},{"ancestorTitles":["Clinic revision hooks"],"duration":2,"failing":false,"failureDetails":[{"matcherResult":{"message":"expect(jest.fn()).toHaveBeenCalledWith(...expected)\n\nExpected: \"test-tenant-id\", \"clinic_visits\", Any<String>, \"create\", \"test-user-id\", null, ObjectContaining {\"doctorId\": \"doc-1\", \"patientId\": \"11111111-1111-4111-8111-111111111111\"}, ObjectContaining {\"source\": \"clinic.recordVisit\"}\nReceived: \"test-tenant-id\", \"clinic_visits\", \"c4af56e5-03a3-4755-8baf-b9cf6e8bd5cd\", \"create\", \"test-user-id\", null, {\"appointmentId\": null, \"diagnosis\": \"viral\", \"doctorId\": undefined, \"patientId\": \"11111111-1111-4111-8111-111111111111\"}, {\"source\": \"clinic.recordVisit\"}\n\nNumber of calls: 1","pass":false}}],"failureMessages":["Error: expect(jest.fn()).toHaveBeenCalledWith(...expected)\n\nExpected: \"test-tenant-id\", \"clinic_visits\", Any<String>, \"create\", \"test-user-id\", null, ObjectContaining {\"doctorId\": \"doc-1\", \"patientId\": \"11111111-1111-4111-8111-111111111111\"}, ObjectContaining {\"source\": \"clinic.recordVisit\"}\nReceived: \"test-tenant-id\", \"clinic_visits\", \"c4af56e5-03a3-4755-8baf-b9cf6e8bd5cd\", \"create\", \"test-user-id\", null, {\"appointmentId\": null, \"diagnosis\": \"viral\", \"doctorId\": undefined, \"patientId\": \"11111111-1111-4111-8111-111111111111\"}, {\"source\": \"clinic.recordVisit\"}\n\nNumber of calls: 1\n    at Object.<anonymous> (G:\\desktop app genuine\\Dukan_x\\my-backend\\src\\__tests__\\handlers.test.ts:1429:36)"],"fullName":"Clinic revision hooks POST /clinic/visits writes revision hook","invocations":1,"location":null,"numPassingAsserts":1,"retryReasons":[],"startAt":1777434648194,"status":"failed","title":"POST /clinic/visits writes revision hook"},{"ancestorTitles":["Clinic revision hooks"],"duration":1,"failing":false,"failureDetails":[{"matcherResult":{"message":"expect(jest.fn()).toHaveBeenCalledWith(...expected)\n\nExpected: \"test-tenant-id\", \"clinic_appointments\", \"appt-1\", \"status_change\", \"test-user-id\", ObjectContaining {\"status\": \"waiting\"}, ObjectContaining {\"status\": \"completed\"}, ObjectContaining {\"source\": \"clinic.updateQueueStatus\"}\nReceived: \"test-tenant-id\", \"clinic_appointments\", \"appt-1\", \"status_change\", \"test-user-id\", {\"status\": null}, {\"status\": \"completed\"}, {\"source\": \"clinic.updateQueueStatus\"}\n\nNumber of calls: 1","pass":false}}],"failureMessages":["Error: expect(jest.fn()).toHaveBeenCalledWith(...expected)\n\nExpected: \"test-tenant-id\", \"clinic_appointments\", \"appt-1\", \"status_change\", \"test-user-id\", ObjectContaining {\"status\": \"waiting\"}, ObjectContaining {\"status\": \"completed\"}, ObjectContaining {\"source\": \"clinic.updateQueueStatus\"}\nReceived: \"test-tenant-id\", \"clinic_appointments\", \"appt-1\", \"status_change\", \"test-user-id\", {\"status\": null}, {\"status\": \"completed\"}, {\"source\": \"clinic.updateQueueStatus\"}\n\nNumber of calls: 1\n    at Object.<anonymous> (G:\\desktop app genuine\\Dukan_x\\my-backend\\src\\__tests__\\handlers.test.ts:1449:36)"],"fullName":"Clinic revision hooks PUT /clinic/queue/{id}/status writes status_change revision","invocations":1,"location":null,"numPassingAsserts":1,"retryReasons":[],"startAt":1777434648196,"status":"failed","title":"PUT /clinic/queue/{id}/status writes status_change revision"},{"ancestorTitles":["Clinic revision hooks"],"duration":1,"failing":false,"failureDetails":[{"matcherResult":{"message":"expect(jest.fn()).toHaveBeenCalledWith(...expected)\n\nExpected: \"test-tenant-id\", \"clinic_appointments\", \"22222222-2222-4222-8222-222222222222\", \"status_change\", \"test-user-id\", ObjectContaining {\"status\": \"waiting\"}, ObjectContaining {\"status\": \"completed\"}, ObjectContaining {\"source\": \"clinic.recordVisit\"}\nReceived\n       1: \"test-tenant-id\", \"clinic_visits\", \"e04d25d6-880e-4a3a-a9b3-5faa185f3677\", \"create\", \"test-user-id\", null, {\"appointmentId\": \"22222222-2222-4222-8222-222222222222\", \"diagnosis\": \"viral\", \"doctorId\": \"doc-1\", \"patientId\": \"11111111-1111-4111-8111-111111111111\"}, {\"source\": \"clinic.recordVisit\"}\n       2: \"test-tenant-id\", \"clinic_appointments\", \"22222222-2222-4222-8222-222222222222\", \"status_change\", \"test-user-id\", {\"status\": null}, {\"status\": \"completed\"}, {\"source\": \"clinic.recordVisit\"}\n\nNumber of calls: 2","pass":false}}],"failureMessages":["Error: expect(jest.fn()).toHaveBeenCalledWith(...expected)\n\nExpected: \"test-tenant-id\", \"clinic_appointments\", \"22222222-2222-4222-8222-222222222222\", \"status_change\", \"test-user-id\", ObjectContaining {\"status\": \"waiting\"}, ObjectContaining {\"status\": \"completed\"}, ObjectContaining {\"source\": \"clinic.recordVisit\"}\nReceived\n       1: \"test-tenant-id\", \"clinic_visits\", \"e04d25d6-880e-4a3a-a9b3-5faa185f3677\", \"create\", \"test-user-id\", null, {\"appointmentId\": \"22222222-2222-4222-8222-222222222222\", \"diagnosis\": \"viral\", \"doctorId\": \"doc-1\", \"patientId\": \"11111111-1111-4111-8111-111111111111\"}, {\"source\": \"clinic.recordVisit\"}\n       2: \"test-tenant-id\", \"clinic_appointments\", \"22222222-2222-4222-8222-222222222222\", \"status_change\", \"test-user-id\", {\"status\": null}, {\"status\": \"completed\"}, {\"source\": \"clinic.recordVisit\"}\n\nNumber of calls: 2\n    at Object.<anonymous> (G:\\desktop app genuine\\Dukan_x\\my-backend\\src\\__tests__\\handlers.test.ts:1475:36)"],"fullName":"Clinic revision hooks POST /clinic/visits writes appointment status_change when appointmentId provided","invocations":1,"location":null,"numPassingAsserts":1,"retryReasons":[],"startAt":1777434648198,"status":"failed","title":"POST /clinic/visits writes appointment status_change when appointmentId provided"},{"ancestorTitles":["Computer revision hooks"],"duration":1,"failing":false,"failureDetails":[],"failureMessages":[],"fullName":"Computer revision hooks POST /computer/job-cards writes create revision","invocations":1,"location":null,"numPassingAsserts":2,"retryReasons":[],"startAt":1777434648272,"status":"passed","title":"POST /computer/job-cards writes create revision"},{"ancestorTitles":["Computer revision hooks"],"duration":1,"failing":false,"failureDetails":[{"matcherResult":{"message":"expect(jest.fn()).toHaveBeenCalledWith(...expected)\n\nExpected: \"test-tenant-id\", \"computer_job_cards\", \"job-1\", \"status_change\", \"test-user-id\", ObjectContaining {\"status\": \"INTAKE\"}, ObjectContaining {\"status\": \"DIAGNOSIS\"}, ObjectContaining {\"source\": \"computer.updateJobCardStatus\"}\nReceived: \"test-tenant-id\", \"computer_job_cards\", \"job-1\", \"status_change\", \"test-user-id\", {\"status\": null}, {\"status\": \"DIAGNOSIS\"}, {\"source\": \"computer.updateJobCardStatus\"}\n\nNumber of calls: 1","pass":false}}],"failureMessages":["Error: expect(jest.fn()).toHaveBeenCalledWith(...expected)\n\nExpected: \"test-tenant-id\", \"computer_job_cards\", \"job-1\", \"status_change\", \"test-user-id\", ObjectContaining {\"status\": \"INTAKE\"}, ObjectContaining {\"status\": \"DIAGNOSIS\"}, ObjectContaining {\"source\": \"computer.updateJobCardStatus\"}\nReceived: \"test-tenant-id\", \"computer_job_cards\", \"job-1\", \"status_change\", \"test-user-id\", {\"status\": null}, {\"status\": \"DIAGNOSIS\"}, {\"source\": \"computer.updateJobCardStatus\"}\n\nNumber of calls: 1\n    at Object.<anonymous> (G:\\desktop app genuine\\Dukan_x\\my-backend\\src\\__tests__\\handlers.test.ts:1547:36)"],"fullName":"Computer revision hooks PATCH /computer/job-cards/{id}/status writes status_change revision","invocations":1,"location":null,"numPassingAsserts":1,"retryReasons":[],"startAt":1777434648273,"status":"failed","title":"PATCH /computer/job-cards/{id}/status writes status_change revision"},{"ancestorTitles":["Computer revision hooks"],"duration":1,"failing":false,"failureDetails":[{"matcherResult":{"message":"expect(jest.fn()).toHaveBeenCalledWith(...expected)\n\nExpected: \"test-tenant-id\", \"computer_rma\", \"rma-1\", \"status_change\", \"test-user-id\", ObjectContaining {\"status\": \"INITIATED\"}, ObjectContaining {\"status\": \"SHIPPED_TO_OEM\"}, ObjectContaining {\"source\": \"computer.updateRmaStatus\"}\nReceived: \"test-tenant-id\", \"computer_rma\", \"rma-1\", \"status_change\", \"test-user-id\", {\"status\": \"waiting\"}, {\"status\": \"SHIPPED_TO_OEM\"}, {\"source\": \"computer.updateRmaStatus\"}\n\nNumber of calls: 1","pass":false}}],"failureMessages":["Error: expect(jest.fn()).toHaveBeenCalledWith(...expected)\n\nExpected: \"test-tenant-id\", \"computer_rma\", \"rma-1\", \"status_change\", \"test-user-id\", ObjectContaining {\"status\": \"INITIATED\"}, ObjectContaining {\"status\": \"SHIPPED_TO_OEM\"}, ObjectContaining {\"source\": \"computer.updateRmaStatus\"}\nReceived: \"test-tenant-id\", \"computer_rma\", \"rma-1\", \"status_change\", \"test-user-id\", {\"status\": \"waiting\"}, {\"status\": \"SHIPPED_TO_OEM\"}, {\"source\": \"computer.updateRmaStatus\"}\n\nNumber of calls: 1\n    at Object.<anonymous> (G:\\desktop app genuine\\Dukan_x\\my-backend\\src\\__tests__\\handlers.test.ts:1567:36)"],"fullName":"Computer revision hooks PATCH /computer/rma/{id}/status writes status_change revision","invocations":1,"location":null,"numPassingAsserts":1,"retryReasons":[],"startAt":1777434648274,"status":"failed","title":"PATCH /computer/rma/{id}/status writes status_change revision"},{"ancestorTitles":["Book-store and clothing revision hooks"],"duration":3,"failing":false,"failureDetails":[],"failureMessages":[],"fullName":"Book-store and clothing revision hooks POST /book-store/returns writes create revision","invocations":1,"location":null,"numPassingAsserts":2,"retryReasons":[],"startAt":1777434648333,"status":"passed","title":"POST /book-store/returns writes create revision"},{"ancestorTitles":["Book-store and clothing revision hooks"],"duration":2,"failing":false,"failureDetails":[{"matcherResult":{"message":"expect(jest.fn()).toHaveBeenCalledWith(...expected)\n\nExpected: \"test-tenant-id\", \"book_consignments\", \"cons-1\", \"status_change\", \"test-user-id\", ObjectContaining {\"status\": \"open\"}, ObjectContaining {\"status\": \"settled\"}, ObjectContaining {\"source\": \"book_store.settleConsignment\"}\nReceived: \"test-tenant-id\", \"book_consignments\", \"cons-1\", \"status_change\", \"test-user-id\", {\"settlementId\": null, \"status\": \"waiting\"}, {\"settlementId\": \"d400e075-5635-49e0-aa0d-2d05c36d3132\", \"status\": \"settled\"}, {\"source\": \"book_store.settleConsignment\"}\n\nNumber of calls: 1","pass":false}}],"failureMessages":["Error: expect(jest.fn()).toHaveBeenCalledWith(...expected)\n\nExpected: \"test-tenant-id\", \"book_consignments\", \"cons-1\", \"status_change\", \"test-user-id\", ObjectContaining {\"status\": \"open\"}, ObjectContaining {\"status\": \"settled\"}, ObjectContaining {\"source\": \"book_store.settleConsignment\"}\nReceived: \"test-tenant-id\", \"book_consignments\", \"cons-1\", \"status_change\", \"test-user-id\", {\"settlementId\": null, \"status\": \"waiting\"}, {\"settlementId\": \"d400e075-5635-49e0-aa0d-2d05c36d3132\", \"status\": \"settled\"}, {\"source\": \"book_store.settleConsignment\"}\n\nNumber of calls: 1\n    at Object.<anonymous> (G:\\desktop app genuine\\Dukan_x\\my-backend\\src\\__tests__\\handlers.test.ts:1647:36)"],"fullName":"Book-store and clothing revision hooks POST /book-store/consignments/{id}/settlement writes status_change revision","invocations":1,"location":null,"numPassingAsserts":1,"retryReasons":[],"startAt":1777434648336,"status":"failed","title":"POST /book-store/consignments/{id}/settlement writes status_change revision"},{"ancestorTitles":["Book-store and clothing revision hooks"],"duration":2,"failing":false,"failureDetails":[],"failureMessages":[],"fullName":"Book-store and clothing revision hooks PUT /clothing/variants/bulk writes revision","invocations":1,"location":null,"numPassingAsserts":2,"retryReasons":[],"startAt":1777434648338,"status":"passed","title":"PUT /clothing/variants/bulk writes revision"},{"ancestorTitles":["Restaurant reservation & waitlist APIs"],"duration":1,"failing":false,"failureDetails":[{"matcherResult":{"actual":null,"expected":"table-fit","message":"expect(received).toBe(expected) // Object.is equality\n\nExpected: \"table-fit\"\nReceived: null","name":"toBe","pass":false}}],"failureMessages":["Error: expect(received).toBe(expected) // Object.is equality\n\nExpected: \"table-fit\"\nReceived: null\n    at Object.<anonymous> (G:\\desktop app genuine\\Dukan_x\\my-backend\\src\\__tests__\\handlers.test.ts:1735:44)"],"fullName":"Restaurant reservation & waitlist APIs POST /resto/reservations creates pending reservation with suggested table","invocations":1,"location":null,"numPassingAsserts":3,"retryReasons":[],"startAt":1777434648341,"status":"failed","title":"POST /resto/reservations creates pending reservation with suggested table"},{"ancestorTitles":["Restaurant reservation & waitlist APIs"],"duration":1,"failing":false,"failureDetails":[{"matcherResult":{"actual":409,"expected":200,"message":"expect(received).toBe(expected) // Object.is equality\n\nExpected: 200\nReceived: 409","name":"toBe","pass":false}}],"failureMessages":["Error: expect(received).toBe(expected) // Object.is equality\n\nExpected: 200\nReceived: 409\n    at Object.<anonymous> (G:\\desktop app genuine\\Dukan_x\\my-backend\\src\\__tests__\\handlers.test.ts:1767:35)"],"fullName":"Restaurant reservation & waitlist APIs POST /resto/waitlist/seat auto-picks suitable available table","invocations":1,"location":null,"numPassingAsserts":0,"retryReasons":[],"startAt":1777434648342,"status":"failed","title":"POST /resto/waitlist/seat auto-picks suitable available table"},{"ancestorTitles":["Restaurant table transfer/merge/split APIs"],"duration":1,"failing":false,"failureDetails":[{"matcherResult":{"actual":409,"expected":200,"message":"expect(received).toBe(expected) // Object.is equality\n\nExpected: 200\nReceived: 409","name":"toBe","pass":false}}],"failureMessages":["Error: expect(received).toBe(expected) // Object.is equality\n\nExpected: 200\nReceived: 409\n    at Object.<anonymous> (G:\\desktop app genuine\\Dukan_x\\my-backend\\src\\__tests__\\handlers.test.ts:1822:35)"],"fullName":"Restaurant table transfer/merge/split APIs POST /resto/tables/transfer moves active bill to target table","invocations":1,"location":null,"numPassingAsserts":0,"retryReasons":[],"startAt":1777434648345,"status":"failed","title":"POST /resto/tables/transfer moves active bill to target table"},{"ancestorTitles":["Restaurant table transfer/merge/split APIs"],"duration":1,"failing":false,"failureDetails":[{"matcherResult":{"actual":409,"expected":200,"message":"expect(received).toBe(expected) // Object.is equality\n\nExpected: 200\nReceived: 409","name":"toBe","pass":false}}],"failureMessages":["Error: expect(received).toBe(expected) // Object.is equality\n\nExpected: 200\nReceived: 409\n    at Object.<anonymous> (G:\\desktop app genuine\\Dukan_x\\my-backend\\src\\__tests__\\handlers.test.ts:1871:35)"],"fullName":"Restaurant table transfer/merge/split APIs POST /resto/tables/split creates child bill for target table","invocations":1,"location":null,"numPassingAsserts":0,"retryReasons":[],"startAt":1777434648346,"status":"failed","title":"POST /resto/tables/split creates child bill for target table"},{"ancestorTitles":["Restaurant table transfer/merge/split APIs"],"duration":1,"failing":false,"failureDetails":[{"matcherResult":{"actual":409,"expected":200,"message":"expect(received).toBe(expected) // Object.is equality\n\nExpected: 200\nReceived: 409","name":"toBe","pass":false}}],"failureMessages":["Error: expect(received).toBe(expected) // Object.is equality\n\nExpected: 200\nReceived: 409\n    at Object.<anonymous> (G:\\desktop app genuine\\Dukan_x\\my-backend\\src\\__tests__\\handlers.test.ts:1922:35)"],"fullName":"Restaurant table transfer/merge/split APIs POST /resto/tables/merge merges totals and writes revisions","invocations":1,"location":null,"numPassingAsserts":0,"retryReasons":[],"startAt":1777434648347,"status":"failed","title":"POST /resto/tables/merge merges totals and writes revisions"},{"ancestorTitles":["Restaurant KDS analytics APIs"],"duration":1,"failing":false,"failureDetails":[{"matcherResult":{"actual":2,"expected":1,"message":"expect(received).toBe(expected) // Object.is equality\n\nExpected: 1\nReceived: 2","name":"toBe","pass":false}}],"failureMessages":["Error: expect(received).toBe(expected) // Object.is equality\n\nExpected: 1\nReceived: 2\n    at Object.<anonymous> (G:\\desktop app genuine\\Dukan_x\\my-backend\\src\\__tests__\\handlers.test.ts:1981:43)"],"fullName":"Restaurant KDS analytics APIs GET /resto/kds/analytics returns prep metrics and throughput","invocations":1,"location":null,"numPassingAsserts":2,"retryReasons":[],"startAt":1777434648348,"status":"failed","title":"GET /resto/kds/analytics returns prep metrics and throughput"},{"ancestorTitles":["Restaurant KDS analytics APIs"],"duration":0,"failing":false,"failureDetails":[{"matcherResult":{"actual":0,"expected":1,"message":"expect(received).toBe(expected) // Object.is equality\n\nExpected: 1\nReceived: 0","name":"toBe","pass":false}}],"failureMessages":["Error: expect(received).toBe(expected) // Object.is equality\n\nExpected: 1\nReceived: 0\n    at Object.<anonymous> (G:\\desktop app genuine\\Dukan_x\\my-backend\\src\\__tests__\\handlers.test.ts:2001:38)"],"fullName":"Restaurant KDS analytics APIs GET /resto/kds/aging-alerts returns amber/red alerts","invocations":1,"location":null,"numPassingAsserts":2,"retryReasons":[],"startAt":1777434648350,"status":"failed","title":"GET /resto/kds/aging-alerts returns amber/red alerts"},{"ancestorTitles":["Restaurant aggregator order APIs"],"duration":1,"failing":false,"failureDetails":[{"matcherResult":{"actual":200,"expected":201,"message":"expect(received).toBe(expected) // Object.is equality\n\nExpected: 201\nReceived: 200","name":"toBe","pass":false}}],"failureMessages":["Error: expect(received).toBe(expected) // Object.is equality\n\nExpected: 201\nReceived: 200\n    at Object.<anonymous> (G:\\desktop app genuine\\Dukan_x\\my-backend\\src\\__tests__\\handlers.test.ts:2046:34)"],"fullName":"Restaurant aggregator order APIs POST /resto/aggregator/orders/ingest is idempotent by source+aggregatorOrderId","invocations":1,"location":null,"numPassingAsserts":0,"retryReasons":[],"startAt":1777434648350,"status":"failed","title":"POST /resto/aggregator/orders/ingest is idempotent by source+aggregatorOrderId"},{"ancestorTitles":["Restaurant aggregator order APIs"],"duration":1,"failing":false,"failureDetails":[{"matcherResult":{"actual":400,"expected":200,"message":"expect(received).toBe(expected) // Object.is equality\n\nExpected: 200\nReceived: 400","name":"toBe","pass":false}}],"failureMessages":["Error: expect(received).toBe(expected) // Object.is equality\n\nExpected: 200\nReceived: 400\n    at Object.<anonymous> (G:\\desktop app genuine\\Dukan_x\\my-backend\\src\\__tests__\\handlers.test.ts:2082:35)"],"fullName":"Restaurant aggregator order APIs PUT /resto/aggregator/orders/{billId}/status updates sync state","invocations":1,"location":null,"numPassingAsserts":0,"retryReasons":[],"startAt":1777434648351,"status":"failed","title":"PUT /resto/aggregator/orders/{billId}/status updates sync state"},{"ancestorTitles":["Restaurant receipt APIs"],"duration":1,"failing":false,"failureDetails":[{"matcherResult":{"actual":400,"expected":200,"message":"expect(received).toBe(expected) // Object.is equality\n\nExpected: 200\nReceived: 400","name":"toBe","pass":false}}],"failureMessages":["Error: expect(received).toBe(expected) // Object.is equality\n\nExpected: 200\nReceived: 400\n    at Object.<anonymous> (G:\\desktop app genuine\\Dukan_x\\my-backend\\src\\__tests__\\handlers.test.ts:2143:35)"],"fullName":"Restaurant receipt APIs POST /resto/bills/{billId}/receipt/send queues dispatch and proxies invoice send","invocations":1,"location":null,"numPassingAsserts":0,"retryReasons":[],"startAt":1777434648352,"status":"failed","title":"POST /resto/bills/{billId}/receipt/send queues dispatch and proxies invoice send"},{"ancestorTitles":["Restaurant receipt APIs"],"duration":0,"failing":false,"failureDetails":[],"failureMessages":[],"fullName":"Restaurant receipt APIs POST /resto/bills/{billId}/receipt/send validates destination","invocations":1,"location":null,"numPassingAsserts":3,"retryReasons":[],"startAt":1777434648353,"status":"passed","title":"POST /resto/bills/{billId}/receipt/send validates destination"},{"ancestorTitles":["Invoices Handler"],"duration":1,"failing":false,"failureDetails":[],"failureMessages":[],"fullName":"Invoices Handler POST /invoices — returns 400 when items missing","invocations":1,"location":null,"numPassingAsserts":2,"retryReasons":[],"startAt":1777434648452,"status":"passed","title":"POST /invoices — returns 400 when items missing"},{"ancestorTitles":["Invoices Handler"],"duration":1,"failing":false,"failureDetails":[],"failureMessages":[],"fullName":"Invoices Handler POST /invoices/{id}/finalize — returns 400 when id missing","invocations":1,"location":null,"numPassingAsserts":1,"retryReasons":[],"startAt":1777434648453,"status":"passed","title":"POST /invoices/{id}/finalize — returns 400 when id missing"},{"ancestorTitles":["Invoices Handler"],"duration":0,"failing":false,"failureDetails":[],"failureMessages":[],"fullName":"Invoices Handler POST /invoices/{id}/void — returns 400 when id missing","invocations":1,"location":null,"numPassingAsserts":1,"retryReasons":[],"startAt":1777434648454,"status":"passed","title":"POST /invoices/{id}/void — returns 400 when id missing"},{"ancestorTitles":["Stock Handler"],"duration":1,"failing":false,"failureDetails":[],"failureMessages":[],"fullName":"Stock Handler POST /stock/lookup-barcode — returns 400 when barcode missing","invocations":1,"location":null,"numPassingAsserts":2,"retryReasons":[],"startAt":1777434648535,"status":"passed","title":"POST /stock/lookup-barcode — returns 400 when barcode missing"},{"ancestorTitles":["Stock Handler"],"duration":1,"failing":false,"failureDetails":[],"failureMessages":[],"fullName":"Stock Handler POST /stock/add — returns 400 when item_data missing","invocations":1,"location":null,"numPassingAsserts":1,"retryReasons":[],"startAt":1777434648536,"status":"passed","title":"POST /stock/add — returns 400 when item_data missing"},{"ancestorTitles":["Payments Handler"],"duration":0,"failing":false,"failureDetails":[],"failureMessages":[],"fullName":"Payments Handler GET /payments — returns paginated list","invocations":1,"location":null,"numPassingAsserts":2,"retryReasons":[],"startAt":1777434648580,"status":"passed","title":"GET /payments — returns paginated list"},{"ancestorTitles":["Payments Handler"],"duration":0,"failing":false,"failureDetails":[],"failureMessages":[],"fullName":"Payments Handler POST /payments — returns 400 when required fields missing","invocations":1,"location":null,"numPassingAsserts":1,"retryReasons":[],"startAt":1777434648581,"status":"passed","title":"POST /payments — returns 400 when required fields missing"},{"ancestorTitles":["Customers Handler"],"duration":1,"failing":false,"failureDetails":[],"failureMessages":[],"fullName":"Customers Handler GET /customers — returns paginated list","invocations":1,"location":null,"numPassingAsserts":2,"retryReasons":[],"startAt":1777434648652,"status":"passed","title":"GET /customers — returns paginated list"},{"ancestorTitles":["Customers Handler"],"duration":0,"failing":false,"failureDetails":[],"failureMessages":[],"fullName":"Customers Handler GET /customers/{id}/ledger — returns 400 when id missing","invocations":1,"location":null,"numPassingAsserts":1,"retryReasons":[],"startAt":1777434648653,"status":"passed","title":"GET /customers/{id}/ledger — returns 400 when id missing"},{"ancestorTitles":["Customers Handler"],"duration":1,"failing":false,"failureDetails":[],"failureMessages":[],"fullName":"Customers Handler GET /customers/credit/reminder-candidates returns aged udhar rows","invocations":1,"location":null,"numPassingAsserts":6,"retryReasons":[],"startAt":1777434648653,"status":"passed","title":"GET /customers/credit/reminder-candidates returns aged udhar rows"},{"ancestorTitles":["Customer app handler"],"duration":1,"failing":false,"failureDetails":[{"matcherResult":{"actual":0,"expected":1,"message":"expect(received).toBe(expected) // Object.is equality\n\nExpected: 1\nReceived: 0","name":"toBe","pass":false}}],"failureMessages":["Error: expect(received).toBe(expected) // Object.is equality\n\nExpected: 1\nReceived: 0\n    at Object.<anonymous> (G:\\desktop app genuine\\Dukan_x\\my-backend\\src\\__tests__\\handlers.test.ts:2391:33)"],"fullName":"Customer app handler GET /customer/fuel-fills — returns volume rows for linked customer","invocations":1,"location":null,"numPassingAsserts":2,"retryReasons":[],"startAt":1777434648689,"status":"failed","title":"GET /customer/fuel-fills — returns volume rows for linked customer"},{"ancestorTitles":["Financial reports handler"],"duration":1,"failing":false,"failureDetails":[{"matcherResult":{"actual":0,"expected":10000,"message":"expect(received).toBe(expected) // Object.is equality\n\nExpected: 10000\nReceived: 0","name":"toBe","pass":false}}],"failureMessages":["Error: expect(received).toBe(expected) // Object.is equality\n\nExpected: 10000\nReceived: 0\n    at Object.<anonymous> (G:\\desktop app genuine\\Dukan_x\\my-backend\\src\\__tests__\\handlers.test.ts:2442:61)"],"fullName":"Financial reports handler GET /reports/balance-sheet aggregates assets","invocations":1,"location":null,"numPassingAsserts":2,"retryReasons":[],"startAt":1777434648752,"status":"failed","title":"GET /reports/balance-sheet aggregates assets"},{"ancestorTitles":["Financial reports handler"],"duration":1,"failing":false,"failureDetails":[{"matcherResult":{"actual":0,"expected":5000,"message":"expect(received).toBe(expected) // Object.is equality\n\nExpected: 5000\nReceived: 0","name":"toBe","pass":false}}],"failureMessages":["Error: expect(received).toBe(expected) // Object.is equality\n\nExpected: 5000\nReceived: 0\n    at Object.<anonymous> (G:\\desktop app genuine\\Dukan_x\\my-backend\\src\\__tests__\\handlers.test.ts:2464:50)"],"fullName":"Financial reports handler GET /reports/cash-flow nets payments minus expenses","invocations":1,"location":null,"numPassingAsserts":1,"retryReasons":[],"startAt":1777434648753,"status":"failed","title":"GET /reports/cash-flow nets payments minus expenses"},{"ancestorTitles":["Reports Handler"],"duration":5,"failing":false,"failureDetails":[],"failureMessages":[],"fullName":"Reports Handler GET /reports/sales — returns report structure","invocations":1,"location":null,"numPassingAsserts":3,"retryReasons":[],"startAt":1777434648831,"status":"passed","title":"GET /reports/sales — returns report structure"},{"ancestorTitles":["Reports Handler"],"duration":2,"failing":false,"failureDetails":[],"failureMessages":[],"fullName":"Reports Handler GET /reports/gstr1 — returns B2B/B2C/HSN structure","invocations":1,"location":null,"numPassingAsserts":4,"retryReasons":[],"startAt":1777434648836,"status":"passed","title":"GET /reports/gstr1 — returns B2B/B2C/HSN structure"},{"ancestorTitles":["Admin Handler"],"duration":1,"failing":false,"failureDetails":[],"failureMessages":[],"fullName":"Admin Handler POST /admin/kill-switch — returns 400 on invalid action","invocations":1,"location":null,"numPassingAsserts":1,"retryReasons":[],"startAt":1777434648865,"status":"passed","title":"POST /admin/kill-switch — returns 400 on invalid action"},{"ancestorTitles":["Admin Handler"],"duration":1,"failing":false,"failureDetails":[],"failureMessages":[],"fullName":"Admin Handler GET /admin/status — returns system status","invocations":1,"location":null,"numPassingAsserts":4,"retryReasons":[],"startAt":1777434648866,"status":"passed","title":"GET /admin/status — returns system status"},{"ancestorTitles":["Admin Handler"],"duration":11,"failing":false,"failureDetails":[{"matcherResult":{"message":"expect(jest.fn()).toHaveBeenCalledWith(...expected)\n\nExpected: \"test-tenant-id\", \"tenants\", \"test-tenant-id\", \"status_change\", \"test-user-id\", ObjectContaining {\"isActive\": true}, ObjectContaining {\"isActive\": false}, ObjectContaining {\"action\": \"disable\", \"source\": \"admin.killSwitch\"}\nReceived: \"test-tenant-id\", \"tenants\", \"test-tenant-id\", \"status_change\", \"test-user-id\", {\"isActive\": null}, {\"isActive\": false, \"reason\": \"maintenance\"}, {\"action\": \"disable\", \"source\": \"admin.killSwitch\"}\n\nNumber of calls: 1","pass":false}}],"failureMessages":["Error: expect(jest.fn()).toHaveBeenCalledWith(...expected)\n\nExpected: \"test-tenant-id\", \"tenants\", \"test-tenant-id\", \"status_change\", \"test-user-id\", ObjectContaining {\"isActive\": true}, ObjectContaining {\"isActive\": false}, ObjectContaining {\"action\": \"disable\", \"source\": \"admin.killSwitch\"}\nReceived: \"test-tenant-id\", \"tenants\", \"test-tenant-id\", \"status_change\", \"test-user-id\", {\"isActive\": null}, {\"isActive\": false, \"reason\": \"maintenance\"}, {\"action\": \"disable\", \"source\": \"admin.killSwitch\"}\n\nNumber of calls: 1\n    at Object.<anonymous> (G:\\desktop app genuine\\Dukan_x\\my-backend\\src\\__tests__\\handlers.test.ts:2546:36)"],"fullName":"Admin Handler POST /admin/kill-switch writes tenant status_change revision","invocations":1,"location":null,"numPassingAsserts":2,"retryReasons":[],"startAt":1777434648867,"status":"failed","title":"POST /admin/kill-switch writes tenant status_change revision"},{"ancestorTitles":["Sync Handler"],"duration":1,"failing":false,"failureDetails":[],"failureMessages":[],"fullName":"Sync Handler POST /sync/push — returns 400 when changes missing","invocations":1,"location":null,"numPassingAsserts":1,"retryReasons":[],"startAt":1777434648948,"status":"passed","title":"POST /sync/push — returns 400 when changes missing"},{"ancestorTitles":["Sync Handler"],"duration":0,"failing":false,"failureDetails":[],"failureMessages":[],"fullName":"Sync Handler POST /sync/pull — returns 400 when lastSyncedAt missing","invocations":1,"location":null,"numPassingAsserts":1,"retryReasons":[],"startAt":1777434648949,"status":"passed","title":"POST /sync/pull — returns 400 when lastSyncedAt missing"},{"ancestorTitles":["Insights Handler"],"duration":1,"failing":false,"failureDetails":[],"failureMessages":[],"fullName":"Insights Handler POST /insights/ai-insight — returns insight text","invocations":1,"location":null,"numPassingAsserts":3,"retryReasons":[],"startAt":1777434648977,"status":"passed","title":"POST /insights/ai-insight — returns insight text"},{"ancestorTitles":["Insights Handler"],"duration":0,"failing":false,"failureDetails":[],"failureMessages":[],"fullName":"Insights Handler POST /insights/ai-feedback — returns 200 on valid feedback","invocations":1,"location":null,"numPassingAsserts":3,"retryReasons":[],"startAt":1777434648978,"status":"passed","title":"POST /insights/ai-feedback — returns 200 on valid feedback"},{"ancestorTitles":["License Handler"],"duration":1,"failing":false,"failureDetails":[],"failureMessages":[],"fullName":"License Handler POST /license/generate — returns 400 when plan missing","invocations":1,"location":null,"numPassingAsserts":3,"retryReasons":[],"startAt":1777434649062,"status":"passed","title":"POST /license/generate — returns 400 when plan missing"},{"ancestorTitles":["License Handler"],"duration":0,"failing":false,"failureDetails":[],"failureMessages":[],"fullName":"License Handler POST /license/generate — returns 400 on invalid plan","invocations":1,"location":null,"numPassingAsserts":3,"retryReasons":[],"startAt":1777434649063,"status":"passed","title":"POST /license/generate — returns 400 on invalid plan"},{"ancestorTitles":["License Handler"],"duration":16,"failing":false,"failureDetails":[],"failureMessages":[],"fullName":"License Handler POST /license/generate — returns 201 with valid plan","invocations":1,"location":null,"numPassingAsserts":8,"retryReasons":[],"startAt":1777434649064,"status":"passed","title":"POST /license/generate — returns 201 with valid plan"},{"ancestorTitles":["License Handler"],"duration":0,"failing":false,"failureDetails":[],"failureMessages":[],"fullName":"License Handler POST /license/activate — returns 400 when licenseKey missing","invocations":1,"location":null,"numPassingAsserts":3,"retryReasons":[],"startAt":1777434649081,"status":"passed","title":"POST /license/activate — returns 400 when licenseKey missing"},{"ancestorTitles":["License Handler"],"duration":1,"failing":false,"failureDetails":[],"failureMessages":[],"fullName":"License Handler POST /license/manage — returns 400 on invalid action","invocations":1,"location":null,"numPassingAsserts":3,"retryReasons":[],"startAt":1777434649081,"status":"passed","title":"POST /license/manage — returns 400 on invalid action"},{"ancestorTitles":["EInvoice Handler"],"duration":1,"failing":false,"failureDetails":[],"failureMessages":[],"fullName":"EInvoice Handler POST /invoices/{id}/ewaybill — returns 400 when id missing","invocations":1,"location":null,"numPassingAsserts":2,"retryReasons":[],"startAt":1777434649175,"status":"passed","title":"POST /invoices/{id}/ewaybill — returns 400 when id missing"},{"ancestorTitles":["EInvoice Handler"],"duration":1,"failing":false,"failureDetails":[],"failureMessages":[],"fullName":"EInvoice Handler POST /invoices/{id}/ewaybill — returns 400 on invalid payload","invocations":1,"location":null,"numPassingAsserts":2,"retryReasons":[],"startAt":1777434649176,"status":"passed","title":"POST /invoices/{id}/ewaybill — returns 400 on invalid payload"},{"ancestorTitles":["EInvoice Handler"],"duration":1,"failing":false,"failureDetails":[],"failureMessages":[],"fullName":"EInvoice Handler POST /invoices/{id}/ewaybill — maps service EWAY_BILL_ERROR","invocations":1,"location":null,"numPassingAsserts":2,"retryReasons":[],"startAt":1777434649177,"status":"passed","title":"POST /invoices/{id}/ewaybill — maps service EWAY_BILL_ERROR"},{"ancestorTitles":["EInvoice Handler"],"duration":0,"failing":false,"failureDetails":[],"failureMessages":[],"fullName":"EInvoice Handler POST /invoices/{id}/ewaybill — returns 201 on success","invocations":1,"location":null,"numPassingAsserts":3,"retryReasons":[],"startAt":1777434649178,"status":"passed","title":"POST /invoices/{id}/ewaybill — returns 201 on success"},{"ancestorTitles":["EInvoice Handler"],"duration":0,"failing":false,"failureDetails":[],"failureMessages":[],"fullName":"EInvoice Handler GET /settings/einvoice — returns settings payload","invocations":1,"location":null,"numPassingAsserts":3,"retryReasons":[],"startAt":1777434649178,"status":"passed","title":"GET /settings/einvoice — returns settings payload"},{"ancestorTitles":["EInvoice Handler"],"duration":0,"failing":false,"failureDetails":[],"failureMessages":[],"fullName":"EInvoice Handler PUT /settings/einvoice — validates payload and returns success","invocations":1,"location":null,"numPassingAsserts":3,"retryReasons":[],"startAt":1777434649179,"status":"passed","title":"PUT /settings/einvoice — validates payload and returns success"},{"ancestorTitles":["Critical Fix Hardening"],"duration":1,"failing":false,"failureDetails":[],"failureMessages":[],"fullName":"Critical Fix Hardening credit policy blocks when open invoice count reaches configured max","invocations":1,"location":null,"numPassingAsserts":1,"retryReasons":[],"startAt":1777434649179,"status":"passed","title":"credit policy blocks when open invoice count reaches configured max"},{"ancestorTitles":["Critical Fix Hardening"],"duration":3,"failing":false,"failureDetails":[],"failureMessages":[],"fullName":"Critical Fix Hardening recordPayment writes invoice/payment/ledger/customer updates in one transaction","invocations":1,"location":null,"numPassingAsserts":5,"retryReasons":[],"startAt":1777434649180,"status":"passed","title":"recordPayment writes invoice/payment/ledger/customer updates in one transaction"},{"ancestorTitles":["Critical Fix Hardening"],"duration":164,"failing":false,"failureDetails":[],"failureMessages":[],"fullName":"Critical Fix Hardening closeShift aggregates both staff sales and pump invoices","invocations":1,"location":null,"numPassingAsserts":8,"retryReasons":[],"startAt":1777434649183,"status":"passed","title":"closeShift aggregates both staff sales and pump invoices"},{"ancestorTitles":["Critical Fix Hardening"],"duration":2,"failing":false,"failureDetails":[],"failureMessages":[],"fullName":"Critical Fix Hardening credit policy blocks udhar when open invoice older than creditMaxAgeDays","invocations":1,"location":null,"numPassingAsserts":1,"retryReasons":[],"startAt":1777434649347,"status":"passed","title":"credit policy blocks udhar when open invoice older than creditMaxAgeDays"},{"ancestorTitles":["Critical Fix Hardening"],"duration":3,"failing":false,"failureDetails":[],"failureMessages":[],"fullName":"Critical Fix Hardening recordPayment returns 409 when transactWrite loses optimistic concurrency","invocations":1,"location":null,"numPassingAsserts":4,"retryReasons":[],"startAt":1777434649349,"status":"passed","title":"recordPayment returns 409 when transactWrite loses optimistic concurrency"},{"ancestorTitles":["Critical Fix Hardening"],"duration":165,"failing":false,"failureDetails":[],"failureMessages":[],"fullName":"Critical Fix Hardening cashierCollectionReport sums same shift totals closeShift would persist","invocations":1,"location":null,"numPassingAsserts":8,"retryReasons":[],"startAt":1777434649352,"status":"passed","title":"cashierCollectionReport sums same shift totals closeShift would persist"},{"ancestorTitles":["Critical Fix Hardening"],"duration":2,"failing":false,"failureDetails":[],"failureMessages":[],"fullName":"Critical Fix Hardening vehicleLedgerReport returns per-invoice rows + outstanding summary","invocations":1,"location":null,"numPassingAsserts":7,"retryReasons":[],"startAt":1777434649517,"status":"passed","title":"vehicleLedgerReport returns per-invoice rows + outstanding summary"},{"ancestorTitles":["Critical Fix Hardening"],"duration":1,"failing":false,"failureDetails":[],"failureMessages":[],"fullName":"Critical Fix Hardening recordPumpSale writes transaction revision entry","invocations":1,"location":null,"numPassingAsserts":3,"retryReasons":[],"startAt":1777434649519,"status":"passed","title":"recordPumpSale writes transaction revision entry"},{"ancestorTitles":["Critical Fix Hardening"],"duration":6,"failing":false,"failureDetails":[],"failureMessages":[],"fullName":"Critical Fix Hardening recordCashDrop writes cash settlement revision entry","invocations":1,"location":null,"numPassingAsserts":3,"retryReasons":[],"startAt":1777434649520,"status":"passed","title":"recordCashDrop writes cash settlement revision entry"},{"ancestorTitles":["Critical Fix Hardening"],"duration":2,"failing":false,"failureDetails":[],"failureMessages":[],"fullName":"Critical Fix Hardening recordReadings writes nozzle reading revision entry","invocations":1,"location":null,"numPassingAsserts":3,"retryReasons":[],"startAt":1777434649526,"status":"passed","title":"recordReadings writes nozzle reading revision entry"},{"ancestorTitles":["Critical Fix Hardening"],"duration":1,"failing":false,"failureDetails":[],"failureMessages":[],"fullName":"Critical Fix Hardening pump floor API blocks cashier role for sale mutation","invocations":1,"location":null,"numPassingAsserts":2,"retryReasons":[],"startAt":1777434649528,"status":"passed","title":"pump floor API blocks cashier role for sale mutation"},{"ancestorTitles":["Critical Fix Hardening"],"duration":1,"failing":false,"failureDetails":[],"failureMessages":[],"fullName":"Critical Fix Hardening handover ack enforces receiver identity for non-manager roles","invocations":1,"location":null,"numPassingAsserts":2,"retryReasons":[],"startAt":1777434649529,"status":"passed","title":"handover ack enforces receiver identity for non-manager roles"},{"ancestorTitles":["Recovery visits (p21)"],"duration":39,"failing":false,"failureDetails":[],"failureMessages":[],"fullName":"Recovery visits (p21) POST /customers/recovery-visits — creates RECOVERYVISIT row","invocations":1,"location":null,"numPassingAsserts":5,"retryReasons":[],"startAt":1777434649530,"status":"passed","title":"POST /customers/recovery-visits — creates RECOVERYVISIT row"},{"ancestorTitles":["Recovery visits (p21)"],"duration":1,"failing":false,"failureDetails":[],"failureMessages":[],"fullName":"Recovery visits (p21) GET /customers/recovery-visits — register filters by visit date range","invocations":1,"location":null,"numPassingAsserts":9,"retryReasons":[],"startAt":1777434649569,"status":"passed","title":"GET /customers/recovery-visits — register filters by visit date range"},{"ancestorTitles":["Recovery visits (p21)"],"duration":1,"failing":false,"failureDetails":[],"failureMessages":[],"fullName":"Recovery visits (p21) GET /customers/recovery-visits — promiseOverdueOnly + customerSearch","invocations":1,"location":null,"numPassingAsserts":4,"retryReasons":[],"startAt":1777434649570,"status":"passed","title":"GET /customers/recovery-visits — promiseOverdueOnly + customerSearch"},{"ancestorTitles":["Inventory p14/p8 (dip chart + tank stock)"],"duration":122,"failing":false,"failureDetails":[],"failureMessages":[],"fullName":"Inventory p14/p8 (dip chart + tank stock) POST /pump/dip-chart/upload stores normalized chart points","invocations":1,"location":null,"numPassingAsserts":4,"retryReasons":[],"startAt":1777434649571,"status":"passed","title":"POST /pump/dip-chart/upload stores normalized chart points"},{"ancestorTitles":["Inventory p14/p8 (dip chart + tank stock)"],"duration":1,"failing":false,"failureDetails":[],"failureMessages":[],"fullName":"Inventory p14/p8 (dip chart + tank stock) GET /pump/dip-chart/convert interpolates liters from chart","invocations":1,"location":null,"numPassingAsserts":3,"retryReasons":[],"startAt":1777434649693,"status":"passed","title":"GET /pump/dip-chart/convert interpolates liters from chart"},{"ancestorTitles":["Inventory p14/p8 (dip chart + tank stock)"],"duration":1,"failing":false,"failureDetails":[],"failureMessages":[],"fullName":"Inventory p14/p8 (dip chart + tank stock) GET /pump/reports/tank-stock returns canonical latest volume per tank","invocations":1,"location":null,"numPassingAsserts":5,"retryReasons":[],"startAt":1777434649694,"status":"passed","title":"GET /pump/reports/tank-stock returns canonical latest volume per tank"},{"ancestorTitles":["Inventory p14/p8 (dip chart + tank stock)"],"duration":1,"failing":false,"failureDetails":[],"failureMessages":[],"fullName":"Inventory p14/p8 (dip chart + tank stock) GET /pump/reports/dip-variance aggregates variance and exceptions","invocations":1,"location":null,"numPassingAsserts":6,"retryReasons":[],"startAt":1777434649695,"status":"passed","title":"GET /pump/reports/dip-variance aggregates variance and exceptions"},{"ancestorTitles":["Inventory p14/p8 (dip chart + tank stock)"],"duration":1,"failing":false,"failureDetails":[],"failureMessages":[],"fullName":"Inventory p14/p8 (dip chart + tank stock) POST /pump/tanker-receipts flags dip-short when shortage crosses threshold","invocations":1,"location":null,"numPassingAsserts":6,"retryReasons":[],"startAt":1777434649696,"status":"passed","title":"POST /pump/tanker-receipts flags dip-short when shortage crosses threshold"},{"ancestorTitles":["Inventory p14/p8 (dip chart + tank stock)"],"duration":2,"failing":false,"failureDetails":[],"failureMessages":[],"fullName":"Inventory p14/p8 (dip chart + tank stock) POST /pump/ppm-reading stores density payload with temp and dip context","invocations":1,"location":null,"numPassingAsserts":7,"retryReasons":[],"startAt":1777434649697,"status":"passed","title":"POST /pump/ppm-reading stores density payload with temp and dip context"},{"ancestorTitles":["Inventory p14/p8 (dip chart + tank stock)"],"duration":1,"failing":false,"failureDetails":[],"failureMessages":[],"fullName":"Inventory p14/p8 (dip chart + tank stock) GET /pump/reports/tanker-receipts returns totals and dip-short count","invocations":1,"location":null,"numPassingAsserts":11,"retryReasons":[],"startAt":1777434649699,"status":"passed","title":"GET /pump/reports/tanker-receipts returns totals and dip-short count"},{"ancestorTitles":["Inventory p14/p8 (dip chart + tank stock)"],"duration":1,"failing":false,"failureDetails":[],"failureMessages":[],"fullName":"Inventory p14/p8 (dip chart + tank stock) GET /pump/reports/atg-readings returns rows and alert counts","invocations":1,"location":null,"numPassingAsserts":6,"retryReasons":[],"startAt":1777434649700,"status":"passed","title":"GET /pump/reports/atg-readings returns rows and alert counts"},{"ancestorTitles":["Inventory p14/p8 (dip chart + tank stock)"],"duration":2,"failing":false,"failureDetails":[],"failureMessages":[],"fullName":"Inventory p14/p8 (dip chart + tank stock) GET /pump/reports/rate-variation returns deltas and impact","invocations":1,"location":null,"numPassingAsserts":10,"retryReasons":[],"startAt":1777434649701,"status":"passed","title":"GET /pump/reports/rate-variation returns deltas and impact"},{"ancestorTitles":["Inventory p14/p8 (dip chart + tank stock)"],"duration":1,"failing":false,"failureDetails":[],"failureMessages":[],"fullName":"Inventory p14/p8 (dip chart + tank stock) GET /pump/reports/stock-valuation returns valuation by method","invocations":1,"location":null,"numPassingAsserts":5,"retryReasons":[],"startAt":1777434649703,"status":"passed","title":"GET /pump/reports/stock-valuation returns valuation by method"},{"ancestorTitles":["Inventory p14/p8 (dip chart + tank stock)"],"duration":0,"failing":false,"failureDetails":[],"failureMessages":[],"fullName":"Inventory p14/p8 (dip chart + tank stock) GET /pump/reports/stock-valuation density_adjusted uses DENSITY# PPM multiplier","invocations":1,"location":null,"numPassingAsserts":4,"retryReasons":[],"startAt":1777434649704,"status":"passed","title":"GET /pump/reports/stock-valuation density_adjusted uses DENSITY# PPM multiplier"}],"endTime":1777434649737,"message":"  ● Restaurant delivery lifecycle APIs › PUT /resto/bills/{billId}/delivery/assign assigns rider\n\n    expect(received).toBe(expected) // Object.is equality\n\n    Expected: 200\n    Received: 400\n\n      790 |         const result = await resto.assignDeliveryRider(event, mockContext);\n      791 |         const body = parseBody(result);\n    > 792 |         expect(result.statusCode).toBe(200);\n          |                                   ^\n      793 |         expect(body.success).toBe(true);\n      794 |         expect(body.data.deliveryStatus).toBe('assigned');\n      795 |         expect(mockUpdateItem).toHaveBeenCalled();\n\n      at Object.<anonymous> (src/__tests__/handlers.test.ts:792:35)\n\n  ● Restaurant delivery lifecycle APIs › PUT /resto/bills/{billId}/delivery/status writes revision on valid transition\n\n    expect(received).toBe(expected) // Object.is equality\n\n    Expected: 200\n    Received: 409\n\n      836 |         const result = await resto.updateDeliveryStatus(event, mockContext);\n      837 |         const body = parseBody(result);\n    > 838 |         expect(result.statusCode).toBe(200);\n          |                                   ^\n      839 |         expect(body.success).toBe(true);\n      840 |         expect(body.data.deliveryStatus).toBe('picked_up');\n      841 |         expect(mockRecordRevision).toHaveBeenCalledWith(\n\n      at Object.<anonymous> (src/__tests__/handlers.test.ts:838:35)\n\n  ● Restaurant delivery lifecycle APIs › GET /resto/bills/{billId}/delivery/tracking returns timeline snapshot\n\n    expect(received).toBe(expected) // Object.is equality\n\n    Expected: \"out_for_delivery\"\n    Received: \"assigned\"\n\n      877 |         expect(result.statusCode).toBe(200);\n      878 |         expect(body.success).toBe(true);\n    > 879 |         expect(body.data.deliveryStatus).toBe('out_for_delivery');\n          |                                          ^\n      880 |         expect(body.data.rider.riderId).toBe('rider-1');\n      881 |         expect(body.data.customer.address).toBe('Street 1');\n      882 |     });\n\n      at Object.<anonymous> (src/__tests__/handlers.test.ts:879:42)\n\n  ● Restaurant KOT and settlement revision hooks › POST /resto/bills/{billId}/settle emits status_change revision\n\n    expect(received).toBe(expected) // Object.is equality\n\n    Expected: 200\n    Received: 400\n\n      1309 |         const result = await resto.settleBill(event, mockContext);\n      1310 |         const body = parseBody(result);\n    > 1311 |         expect(result.statusCode).toBe(200);\n           |                                   ^\n      1312 |         expect(body.success).toBe(true);\n      1313 |         expect(mockRecordRevision).toHaveBeenCalledWith(\n      1314 |             'test-tenant-id',\n\n      at Object.<anonymous> (src/__tests__/handlers.test.ts:1311:35)\n\n  ● Restaurant KOT and settlement revision hooks › POST /resto/tables/{id}/release emits bill close revision\n\n    expect(received).toBe(expected) // Object.is equality\n\n    Expected: 200\n    Received: 400\n\n      1331 |         const result = await resto.releaseTable(event, mockContext);\n      1332 |         const body = parseBody(result);\n    > 1333 |         expect(result.statusCode).toBe(200);\n           |                                   ^\n      1334 |         expect(body.success).toBe(true);\n      1335 |         expect(mockRecordRevision).toHaveBeenCalledWith(\n      1336 |             'test-tenant-id',\n\n      at Object.<anonymous> (src/__tests__/handlers.test.ts:1333:35)\n\n  ● Restaurant KOT and settlement revision hooks › PUT /resto/kot/{kotId}/items/{itemId}/status emits item status revision\n\n    expect(received).toBe(expected) // Object.is equality\n\n    Expected: 200\n    Received: 400\n\n      1355 |         const result = await resto.updateKotItemStatus(event, mockContext);\n      1356 |         const body = parseBody(result);\n    > 1357 |         expect(result.statusCode).toBe(200);\n           |                                   ^\n      1358 |         expect(body.success).toBe(true);\n      1359 |         expect(mockRecordRevision).toHaveBeenCalledWith(\n      1360 |             'test-tenant-id',\n\n      at Object.<anonymous> (src/__tests__/handlers.test.ts:1357:35)\n\n  ● Restaurant KOT and settlement revision hooks › POST /resto/kot/{kotId}/items/{itemId}/cancel emits cancellation revision\n\n    expect(received).toBe(expected) // Object.is equality\n\n    Expected: 200\n    Received: 400\n\n      1380 |         const result = await resto.cancelKotItem(event, mockContext);\n      1381 |         const body = parseBody(result);\n    > 1382 |         expect(result.statusCode).toBe(200);\n           |                                   ^\n      1383 |         expect(body.success).toBe(true);\n      1384 |         expect(mockRecordRevision).toHaveBeenCalledWith(\n      1385 |             'test-tenant-id',\n\n      at Object.<anonymous> (src/__tests__/handlers.test.ts:1382:35)\n\n  ● Clinic revision hooks › POST /clinic/visits writes revision hook\n\n    expect(jest.fn()).toHaveBeenCalledWith(...expected)\n\n    Expected: \"test-tenant-id\", \"clinic_visits\", Any<String>, \"create\", \"test-user-id\", null, ObjectContaining {\"doctorId\": \"doc-1\", \"patientId\": \"11111111-1111-4111-8111-111111111111\"}, ObjectContaining {\"source\": \"clinic.recordVisit\"}\n    Received: \"test-tenant-id\", \"clinic_visits\", \"c4af56e5-03a3-4755-8baf-b9cf6e8bd5cd\", \"create\", \"test-user-id\", null, {\"appointmentId\": null, \"diagnosis\": \"viral\", \"doctorId\": undefined, \"patientId\": \"11111111-1111-4111-8111-111111111111\"}, {\"source\": \"clinic.recordVisit\"}\n\n    Number of calls: 1\n\n      1427 |         const result = await clinic.recordVisit(event, mockContext);\n      1428 |         expect(result.statusCode).toBe(201);\n    > 1429 |         expect(mockRecordRevision).toHaveBeenCalledWith(\n           |                                    ^\n      1430 |             'test-tenant-id',\n      1431 |             'clinic_visits',\n      1432 |             expect.any(String),\n\n      at Object.<anonymous> (src/__tests__/handlers.test.ts:1429:36)\n\n  ● Clinic revision hooks › PUT /clinic/queue/{id}/status writes status_change revision\n\n    expect(jest.fn()).toHaveBeenCalledWith(...expected)\n\n    Expected: \"test-tenant-id\", \"clinic_appointments\", \"appt-1\", \"status_change\", \"test-user-id\", ObjectContaining {\"status\": \"waiting\"}, ObjectContaining {\"status\": \"completed\"}, ObjectContaining {\"source\": \"clinic.updateQueueStatus\"}\n    Received: \"test-tenant-id\", \"clinic_appointments\", \"appt-1\", \"status_change\", \"test-user-id\", {\"status\": null}, {\"status\": \"completed\"}, {\"source\": \"clinic.updateQueueStatus\"}\n\n    Number of calls: 1\n\n      1447 |         const result = await clinic.updateQueueStatus(event, mockContext);\n      1448 |         expect(result.statusCode).toBe(200);\n    > 1449 |         expect(mockRecordRevision).toHaveBeenCalledWith(\n           |                                    ^\n      1450 |             'test-tenant-id',\n      1451 |             'clinic_appointments',\n      1452 |             'appt-1',\n\n      at Object.<anonymous> (src/__tests__/handlers.test.ts:1449:36)\n\n  ● Clinic revision hooks › POST /clinic/visits writes appointment status_change when appointmentId provided\n\n    expect(jest.fn()).toHaveBeenCalledWith(...expected)\n\n    Expected: \"test-tenant-id\", \"clinic_appointments\", \"22222222-2222-4222-8222-222222222222\", \"status_change\", \"test-user-id\", ObjectContaining {\"status\": \"waiting\"}, ObjectContaining {\"status\": \"completed\"}, ObjectContaining {\"source\": \"clinic.recordVisit\"}\n    Received\n           1: \"test-tenant-id\", \"clinic_visits\", \"e04d25d6-880e-4a3a-a9b3-5faa185f3677\", \"create\", \"test-user-id\", null, {\"appointmentId\": \"22222222-2222-4222-8222-222222222222\", \"diagnosis\": \"viral\", \"doctorId\": \"doc-1\", \"patientId\": \"11111111-1111-4111-8111-111111111111\"}, {\"source\": \"clinic.recordVisit\"}\n           2: \"test-tenant-id\", \"clinic_appointments\", \"22222222-2222-4222-8222-222222222222\", \"status_change\", \"test-user-id\", {\"status\": null}, {\"status\": \"completed\"}, {\"source\": \"clinic.recordVisit\"}\n\n    Number of calls: 2\n\n      1473 |         const result = await clinic.recordVisit(event, mockContext);\n      1474 |         expect(result.statusCode).toBe(201);\n    > 1475 |         expect(mockRecordRevision).toHaveBeenCalledWith(\n           |                                    ^\n      1476 |             'test-tenant-id',\n      1477 |             'clinic_appointments',\n      1478 |             '22222222-2222-4222-8222-222222222222',\n\n      at Object.<anonymous> (src/__tests__/handlers.test.ts:1475:36)\n\n  ● Computer revision hooks › PATCH /computer/job-cards/{id}/status writes status_change revision\n\n    expect(jest.fn()).toHaveBeenCalledWith(...expected)\n\n    Expected: \"test-tenant-id\", \"computer_job_cards\", \"job-1\", \"status_change\", \"test-user-id\", ObjectContaining {\"status\": \"INTAKE\"}, ObjectContaining {\"status\": \"DIAGNOSIS\"}, ObjectContaining {\"source\": \"computer.updateJobCardStatus\"}\n    Received: \"test-tenant-id\", \"computer_job_cards\", \"job-1\", \"status_change\", \"test-user-id\", {\"status\": null}, {\"status\": \"DIAGNOSIS\"}, {\"source\": \"computer.updateJobCardStatus\"}\n\n    Number of calls: 1\n\n      1545 |         const result = await computer.updateJobCardStatus(event, mockContext);\n      1546 |         expect(result.statusCode).toBe(200);\n    > 1547 |         expect(mockRecordRevision).toHaveBeenCalledWith(\n           |                                    ^\n      1548 |             'test-tenant-id',\n      1549 |             'computer_job_cards',\n      1550 |             'job-1',\n\n      at Object.<anonymous> (src/__tests__/handlers.test.ts:1547:36)\n\n  ● Computer revision hooks › PATCH /computer/rma/{id}/status writes status_change revision\n\n    expect(jest.fn()).toHaveBeenCalledWith(...expected)\n\n    Expected: \"test-tenant-id\", \"computer_rma\", \"rma-1\", \"status_change\", \"test-user-id\", ObjectContaining {\"status\": \"INITIATED\"}, ObjectContaining {\"status\": \"SHIPPED_TO_OEM\"}, ObjectContaining {\"source\": \"computer.updateRmaStatus\"}\n    Received: \"test-tenant-id\", \"computer_rma\", \"rma-1\", \"status_change\", \"test-user-id\", {\"status\": \"waiting\"}, {\"status\": \"SHIPPED_TO_OEM\"}, {\"source\": \"computer.updateRmaStatus\"}\n\n    Number of calls: 1\n\n      1565 |         const result = await computer.updateRmaStatus(event, mockContext);\n      1566 |         expect(result.statusCode).toBe(200);\n    > 1567 |         expect(mockRecordRevision).toHaveBeenCalledWith(\n           |                                    ^\n      1568 |             'test-tenant-id',\n      1569 |             'computer_rma',\n      1570 |             'rma-1',\n\n      at Object.<anonymous> (src/__tests__/handlers.test.ts:1567:36)\n\n  ● Book-store and clothing revision hooks › POST /book-store/consignments/{id}/settlement writes status_change revision\n\n    expect(jest.fn()).toHaveBeenCalledWith(...expected)\n\n    Expected: \"test-tenant-id\", \"book_consignments\", \"cons-1\", \"status_change\", \"test-user-id\", ObjectContaining {\"status\": \"open\"}, ObjectContaining {\"status\": \"settled\"}, ObjectContaining {\"source\": \"book_store.settleConsignment\"}\n    Received: \"test-tenant-id\", \"book_consignments\", \"cons-1\", \"status_change\", \"test-user-id\", {\"settlementId\": null, \"status\": \"waiting\"}, {\"settlementId\": \"d400e075-5635-49e0-aa0d-2d05c36d3132\", \"status\": \"settled\"}, {\"source\": \"book_store.settleConsignment\"}\n\n    Number of calls: 1\n\n      1645 |         const result = await bookStore.settleConsignment(event, mockContext);\n      1646 |         expect(result.statusCode).toBe(201);\n    > 1647 |         expect(mockRecordRevision).toHaveBeenCalledWith(\n           |                                    ^\n      1648 |             'test-tenant-id',\n      1649 |             'book_consignments',\n      1650 |             'cons-1',\n\n      at Object.<anonymous> (src/__tests__/handlers.test.ts:1647:36)\n\n  ● Restaurant reservation & waitlist APIs › POST /resto/reservations creates pending reservation with suggested table\n\n    expect(received).toBe(expected) // Object.is equality\n\n    Expected: \"table-fit\"\n    Received: null\n\n      1733 |         expect(body.success).toBe(true);\n      1734 |         expect(body.data.status).toBe('pending');\n    > 1735 |         expect(body.data.suggestedTableId).toBe('table-fit');\n           |                                            ^\n      1736 |     });\n      1737 |\n      1738 |     test('POST /resto/waitlist/seat auto-picks suitable available table', async () => {\n\n      at Object.<anonymous> (src/__tests__/handlers.test.ts:1735:44)\n\n  ● Restaurant reservation & waitlist APIs › POST /resto/waitlist/seat auto-picks suitable available table\n\n    expect(received).toBe(expected) // Object.is equality\n\n    Expected: 200\n    Received: 409\n\n      1765 |         const result = await resto.seatWaitlist(event, mockContext);\n      1766 |         const body = parseBody(result);\n    > 1767 |         expect(result.statusCode).toBe(200);\n           |                                   ^\n      1768 |         expect(body.success).toBe(true);\n      1769 |         expect(body.data.tableId).toBe('table-fit');\n      1770 |     });\n\n      at Object.<anonymous> (src/__tests__/handlers.test.ts:1767:35)\n\n  ● Restaurant table transfer/merge/split APIs › POST /resto/tables/transfer moves active bill to target table\n\n    expect(received).toBe(expected) // Object.is equality\n\n    Expected: 200\n    Received: 409\n\n      1820 |         const result = await resto.transferTable(event, mockContext);\n      1821 |         const body = parseBody(result);\n    > 1822 |         expect(result.statusCode).toBe(200);\n           |                                   ^\n      1823 |         expect(body.success).toBe(true);\n      1824 |         expect(body.data.status).toBe('transferred');\n      1825 |         expect(mockRecordRevision).toHaveBeenCalledWith(\n\n      at Object.<anonymous> (src/__tests__/handlers.test.ts:1822:35)\n\n  ● Restaurant table transfer/merge/split APIs › POST /resto/tables/split creates child bill for target table\n\n    expect(received).toBe(expected) // Object.is equality\n\n    Expected: 200\n    Received: 409\n\n      1869 |         const result = await resto.splitTable(event, mockContext);\n      1870 |         const body = parseBody(result);\n    > 1871 |         expect(result.statusCode).toBe(200);\n           |                                   ^\n      1872 |         expect(body.success).toBe(true);\n      1873 |         expect(body.data.splitAmountCents).toBe(3000);\n      1874 |         expect(body.data.remainingAmountCents).toBe(7000);\n\n      at Object.<anonymous> (src/__tests__/handlers.test.ts:1871:35)\n\n  ● Restaurant table transfer/merge/split APIs › POST /resto/tables/merge merges totals and writes revisions\n\n    expect(received).toBe(expected) // Object.is equality\n\n    Expected: 200\n    Received: 409\n\n      1920 |         const result = await resto.mergeTables(event, mockContext);\n      1921 |         const body = parseBody(result);\n    > 1922 |         expect(result.statusCode).toBe(200);\n           |                                   ^\n      1923 |         expect(body.success).toBe(true);\n      1924 |         expect(body.data.mergedTotalCents).toBe(10000);\n      1925 |         expect(mockRecordRevision).toHaveBeenCalledWith(\n\n      at Object.<anonymous> (src/__tests__/handlers.test.ts:1922:35)\n\n  ● Restaurant KDS analytics APIs › GET /resto/kds/analytics returns prep metrics and throughput\n\n    expect(received).toBe(expected) // Object.is equality\n\n    Expected: 1\n    Received: 2\n\n      1979 |         expect(result.statusCode).toBe(200);\n      1980 |         expect(body.success).toBe(true);\n    > 1981 |         expect(body.data.totals.kotCount).toBe(1);\n           |                                           ^\n      1982 |         expect(body.data.totals.totalItems).toBe(2);\n      1983 |         expect(body.data.performance.avgPrepTimeSeconds).toBe(600);\n      1984 |     });\n\n      at Object.<anonymous> (src/__tests__/handlers.test.ts:1981:43)\n\n  ● Restaurant KDS analytics APIs › GET /resto/kds/aging-alerts returns amber/red alerts\n\n    expect(received).toBe(expected) // Object.is equality\n\n    Expected: 1\n    Received: 0\n\n      1999 |         expect(result.statusCode).toBe(200);\n      2000 |         expect(body.success).toBe(true);\n    > 2001 |         expect(body.data.alertCount).toBe(1);\n           |                                      ^\n      2002 |         expect(['amber', 'red']).toContain(body.data.alerts[0].severity);\n      2003 |     });\n      2004 | });\n\n      at Object.<anonymous> (src/__tests__/handlers.test.ts:2001:38)\n\n  ● Restaurant aggregator order APIs › POST /resto/aggregator/orders/ingest is idempotent by source+aggregatorOrderId\n\n    expect(received).toBe(expected) // Object.is equality\n\n    Expected: 201\n    Received: 200\n\n      2044 |         const first = await resto.ingestAggregatorOrder(event, mockContext);\n      2045 |         const firstBody = parseBody(first);\n    > 2046 |         expect(first.statusCode).toBe(201);\n           |                                  ^\n      2047 |         expect(firstBody.data.idempotent).toBe(false);\n      2048 |\n      2049 |         const second = await resto.ingestAggregatorOrder(event, mockContext);\n\n      at Object.<anonymous> (src/__tests__/handlers.test.ts:2046:34)\n\n  ● Restaurant aggregator order APIs › PUT /resto/aggregator/orders/{billId}/status updates sync state\n\n    expect(received).toBe(expected) // Object.is equality\n\n    Expected: 200\n    Received: 400\n\n      2080 |         const result = await resto.updateAggregatorOrderStatus(event, mockContext);\n      2081 |         const body = parseBody(result);\n    > 2082 |         expect(result.statusCode).toBe(200);\n           |                                   ^\n      2083 |         expect(body.success).toBe(true);\n      2084 |         expect(body.data.status).toBe('accepted');\n      2085 |         expect(mockRecordRevision).toHaveBeenCalledWith(\n\n      at Object.<anonymous> (src/__tests__/handlers.test.ts:2082:35)\n\n  ● Restaurant receipt APIs › POST /resto/bills/{billId}/receipt/send queues dispatch and proxies invoice send\n\n    expect(received).toBe(expected) // Object.is equality\n\n    Expected: 200\n    Received: 400\n\n      2141 |         const result = await resto.sendRestoReceipt(event, mockContext);\n      2142 |         const body = parseBody(result);\n    > 2143 |         expect(result.statusCode).toBe(200);\n           |                                   ^\n      2144 |         expect(body.success).toBe(true);\n      2145 |         expect(body.data.channel).toBe('whatsapp');\n      2146 |         expect(body.data.status).toBe('queued');\n\n      at Object.<anonymous> (src/__tests__/handlers.test.ts:2143:35)\n\n  ● Customer app handler › GET /customer/fuel-fills — returns volume rows for linked customer\n\n    expect(received).toBe(expected) // Object.is equality\n\n    Expected: 1\n    Received: 0\n\n      2389 |         expect(result.statusCode).toBe(200);\n      2390 |         expect(body.success).toBe(true);\n    > 2391 |         expect(body.data.total).toBe(1);\n           |                                 ^\n      2392 |         expect(body.data.items).toHaveLength(1);\n      2393 |         expect(body.data.items[0].volumeLiters).toBe(25.5);\n      2394 |         expect(body.data.items[0].fuelType).toBe('diesel');\n\n      at Object.<anonymous> (src/__tests__/handlers.test.ts:2391:33)\n\n  ● Financial reports handler › GET /reports/balance-sheet aggregates assets\n\n    expect(received).toBe(expected) // Object.is equality\n\n    Expected: 10000\n    Received: 0\n\n      2440 |         expect(result.statusCode).toBe(200);\n      2441 |         expect(body.success).toBe(true);\n    > 2442 |         expect(body.data.assets.collectionsRegisteredCents).toBe(10_000);\n           |                                                             ^\n      2443 |         expect(body.data.assets.accountsReceivableCents).toBe(500);\n      2444 |         expect(body.data.assets.inventoryBookValueCents).toBe(1000);\n      2445 |     });\n\n      at Object.<anonymous> (src/__tests__/handlers.test.ts:2442:61)\n\n  ● Financial reports handler › GET /reports/cash-flow nets payments minus expenses\n\n    expect(received).toBe(expected) // Object.is equality\n\n    Expected: 5000\n    Received: 0\n\n      2462 |\n      2463 |         expect(result.statusCode).toBe(200);\n    > 2464 |         expect(body.data.operating.inflowsCents).toBe(5000);\n           |                                                  ^\n      2465 |         expect(body.data.operating.outflowsCents).toBe(2000);\n      2466 |         expect(body.data.operating.netOperatingCashCents).toBe(3000);\n      2467 |     });\n\n      at Object.<anonymous> (src/__tests__/handlers.test.ts:2464:50)\n\n  ● Admin Handler › POST /admin/kill-switch writes tenant status_change revision\n\n    expect(jest.fn()).toHaveBeenCalledWith(...expected)\n\n    Expected: \"test-tenant-id\", \"tenants\", \"test-tenant-id\", \"status_change\", \"test-user-id\", ObjectContaining {\"isActive\": true}, ObjectContaining {\"isActive\": false}, ObjectContaining {\"action\": \"disable\", \"source\": \"admin.killSwitch\"}\n    Received: \"test-tenant-id\", \"tenants\", \"test-tenant-id\", \"status_change\", \"test-user-id\", {\"isActive\": null}, {\"isActive\": false, \"reason\": \"maintenance\"}, {\"action\": \"disable\", \"source\": \"admin.killSwitch\"}\n\n    Number of calls: 1\n\n      2544 |         expect(result.statusCode).toBe(200);\n      2545 |         expect(body.success).toBe(true);\n    > 2546 |         expect(mockRecordRevision).toHaveBeenCalledWith(\n           |                                    ^\n      2547 |             'test-tenant-id',\n      2548 |             'tenants',\n      2549 |             'test-tenant-id',\n\n      at Object.<anonymous> (src/__tests__/handlers.test.ts:2546:36)\n","name":"G:\\desktop app genuine\\Dukan_x\\my-backend\\src\\__tests__\\handlers.test.ts","startTime":1777434642868,"status":"failed","summary":""}],"wasInterrupted":false}
